Using pre-set license
Built from '2021.2/staging' branch; Version is '2021.2.12f1 (48b1aa000234) revision 4764074'; Using compiler version '192829333'; Build Type 'Release'
OS: 'Windows 11  (10.0.22000) 64bit Core' Language: 'es' Physical Memory: 16150 MB
BatchMode: 1, IsHumanControllingUs: 0, StartBugReporterOnCrash: 0, Is64bit: 1, IsPro: 0

COMMAND LINE ARGUMENTS:
C:\Program Files\Unity\Hub\Editor\2021.2.12f1\Editor\Unity.exe
-adb2
-batchMode
-noUpm
-name
AssetImportWorker2
-projectPath
C:/Uni/VJ1241 - TFG/Repo_TFG/TFG_Project
-logFile
Logs/AssetImportWorker2.log
-srvPort
55998
Successfully changed project path to: C:/Uni/VJ1241 - TFG/Repo_TFG/TFG_Project
C:/Uni/VJ1241 - TFG/Repo_TFG/TFG_Project
[UnityMemory] Configuration Parameters - Can be set up in boot.config
    "memorysetup-bucket-allocator-granularity=16"
    "memorysetup-bucket-allocator-bucket-count=8"
    "memorysetup-bucket-allocator-block-size=33554432"
    "memorysetup-bucket-allocator-block-count=8"
    "memorysetup-main-allocator-block-size=16777216"
    "memorysetup-thread-allocator-block-size=16777216"
    "memorysetup-gfx-main-allocator-block-size=16777216"
    "memorysetup-gfx-thread-allocator-block-size=16777216"
    "memorysetup-cache-allocator-block-size=4194304"
    "memorysetup-typetree-allocator-block-size=2097152"
    "memorysetup-profiler-bucket-allocator-granularity=16"
    "memorysetup-profiler-bucket-allocator-bucket-count=8"
    "memorysetup-profiler-bucket-allocator-block-size=33554432"
    "memorysetup-profiler-bucket-allocator-block-count=8"
    "memorysetup-profiler-allocator-block-size=16777216"
    "memorysetup-profiler-editor-allocator-block-size=1048576"
    "memorysetup-temp-allocator-size-main=16777216"
    "memorysetup-job-temp-allocator-block-size=2097152"
    "memorysetup-job-temp-allocator-block-size-background=1048576"
    "memorysetup-job-temp-allocator-reduction-small-platforms=262144"
    "memorysetup-temp-allocator-size-background-worker=32768"
    "memorysetup-temp-allocator-size-job-worker=262144"
    "memorysetup-temp-allocator-size-preload-manager=33554432"
    "memorysetup-temp-allocator-size-nav-mesh-worker=65536"
    "memorysetup-temp-allocator-size-audio-worker=65536"
    "memorysetup-temp-allocator-size-cloud-worker=32768"
    "memorysetup-temp-allocator-size-gi-baking-worker=262144"
    "memorysetup-temp-allocator-size-gfx=262144"
Refreshing native plugins compatible for Editor in 46.77 ms, found 4 plugins.
Preloading 0 native plugins for Editor in 0.00 ms.
Initialize engine version: 2021.2.12f1 (48b1aa000234)
[Subsystems] Discovering subsystems at path C:/Program Files/Unity/Hub/Editor/2021.2.12f1/Editor/Data/Resources/UnitySubsystems
[Subsystems] Discovering subsystems at path C:/Uni/VJ1241 - TFG/Repo_TFG/TFG_Project/Assets
GfxDevice: creating device client; threaded=0; jobified=0
Direct3D:
    Version:  Direct3D 11.0 [level 11.1]
    Renderer: NVIDIA GeForce RTX 2060 (ID=0x1f15)
    Vendor:   NVIDIA
    VRAM:     5980 MB
    Driver:   30.0.15.1179
Initialize mono
Mono path[0] = 'C:/Program Files/Unity/Hub/Editor/2021.2.12f1/Editor/Data/Managed'
Mono path[1] = 'C:/Program Files/Unity/Hub/Editor/2021.2.12f1/Editor/Data/MonoBleedingEdge/lib/mono/unityjit-win32'
Mono config path = 'C:/Program Files/Unity/Hub/Editor/2021.2.12f1/Editor/Data/MonoBleedingEdge/etc'
Using monoOptions --debugger-agent=transport=dt_socket,embedding=1,server=y,suspend=n,address=127.0.0.1:56484
Begin MonoManager ReloadAssembly
Registering precompiled unity dll's ...
Register platform support module: C:/Program Files/Unity/Hub/Editor/2021.2.12f1/Editor/Data/PlaybackEngines/WindowsStandaloneSupport/UnityEditor.WindowsStandalone.Extensions.dll
Registered in 0.009029 seconds.
Native extension for WindowsStandalone target not found
Refreshing native plugins compatible for Editor in 37.61 ms, found 4 plugins.
Preloading 0 native plugins for Editor in 0.00 ms.
Mono: successfully reloaded assembly
- Completed reload, in  0.715 seconds
Domain Reload Profiling:
	ReloadAssembly (715ms)
		BeginReloadAssembly (113ms)
			ExecutionOrderSort (0ms)
			DisableScriptedObjects (0ms)
			BackupInstance (0ms)
			ReleaseScriptingObjects (0ms)
			CreateAndSetChildDomain (1ms)
		EndReloadAssembly (470ms)
			LoadAssemblies (110ms)
			RebuildTransferFunctionScriptingTraits (0ms)
			SetupTypeCache (137ms)
			ReleaseScriptCaches (0ms)
			RebuildScriptCaches (25ms)
			SetupLoadedEditorAssemblies (250ms)
				LogAssemblyErrors (0ms)
				InitializePlatformSupportModulesInManaged (9ms)
				SetLoadedEditorAssemblies (0ms)
				RefreshPlugins (38ms)
				BeforeProcessingInitializeOnLoad (2ms)
				ProcessInitializeOnLoadAttributes (154ms)
				ProcessInitializeOnLoadMethodAttributes (47ms)
				AfterProcessingInitializeOnLoad (0ms)
				EditorAssembliesLoaded (0ms)
			ExecutionOrderSort2 (0ms)
			AwakeInstancesAfterBackupRestoration (0ms)
Platform modules already initialized, skipping
Registering precompiled user dll's ...
Registered in 0.005179 seconds.
Begin MonoManager ReloadAssembly
Native extension for WindowsStandalone target not found
Refreshing native plugins compatible for Editor in 0.46 ms, found 4 plugins.
Preloading 0 native plugins for Editor in 0.00 ms.
Mono: successfully reloaded assembly
- Completed reload, in  1.013 seconds
Domain Reload Profiling:
	ReloadAssembly (1014ms)
		BeginReloadAssembly (128ms)
			ExecutionOrderSort (0ms)
			DisableScriptedObjects (5ms)
			BackupInstance (0ms)
			ReleaseScriptingObjects (0ms)
			CreateAndSetChildDomain (21ms)
		EndReloadAssembly (751ms)
			LoadAssemblies (91ms)
			RebuildTransferFunctionScriptingTraits (0ms)
			SetupTypeCache (232ms)
			ReleaseScriptCaches (0ms)
			RebuildScriptCaches (53ms)
			SetupLoadedEditorAssemblies (351ms)
				LogAssemblyErrors (0ms)
				InitializePlatformSupportModulesInManaged (5ms)
				SetLoadedEditorAssemblies (0ms)
				RefreshPlugins (1ms)
				BeforeProcessingInitializeOnLoad (56ms)
				ProcessInitializeOnLoadAttributes (241ms)
				ProcessInitializeOnLoadMethodAttributes (36ms)
				AfterProcessingInitializeOnLoad (11ms)
				EditorAssembliesLoaded (0ms)
			ExecutionOrderSort2 (0ms)
			AwakeInstancesAfterBackupRestoration (5ms)
Platform modules already initialized, skipping
========================================================================
Worker process is ready to serve import requests
Launched and connected shader compiler UnityShaderCompiler.exe after 0.04 seconds
Refreshing native plugins compatible for Editor in 0.85 ms, found 4 plugins.
Preloading 0 native plugins for Editor in 0.00 ms.
Unloading 1873 Unused Serialized files (Serialized files now loaded: 0)
Unloading 33 unused Assets / (129.6 KB). Loaded Objects now: 2338.
Memory consumption went from 95.3 MB to 95.2 MB.
Total: 4.737000 ms (FindLiveObjects: 0.227100 ms CreateObjectMapping: 0.170800 ms MarkObjects: 4.160400 ms  DeleteObjects: 0.176900 ms)

AssetImportParameters requested are different than current active one (requested -> active):
  custom:video-decoder-ogg-theora: a1e56fd34408186e4bbccfd4996cb3dc -> 
  custom:container-muxer-webm: aa71ff27fc2769a1b78a27578f13a17b -> 
  custom:container-demuxer-webm: 4f35f7cbe854078d1ac9338744f61a02 -> 
  custom:video-encoder-webm-vp8: eb34c28f22e8b96e1ab97ce403110664 -> 
  custom:video-codec-MediaFoundation-h265: 746d11721c4dcdbdad8f713fa42b33f4 -> 
  custom:audio-encoder-webm-vorbis: bf7c407c2cedff20999df2af8eb42d56 -> 
  custom:framework-win-MediaFoundation: 216162199b28c13a410421893ffa2e32 -> 
  custom:container-demuxer-ogg: 62fdf1f143b41e24485cea50d1cbac27 -> 
  custom:video-decoder-webm-vp8: 9c59270c3fd7afecdb556c50c9e8de78 -> 
  custom:audio-decoder-ogg-vorbis: bf7c407c2cedff20999df2af8eb42d56 -> 
========================================================================
Received Import Request.
  Time since last request: 26476.877378 seconds.
  path: Assets/Stylized Ruins Environment/MATERIALS/Foliage Textures/grass_texture_01.png
  artifactKey: Guid(d17f79bf4289c594ca4dec9e69654958) Importer(815301076,1909f56bfc062723c751e8b465ee728b)
Start importing Assets/Stylized Ruins Environment/MATERIALS/Foliage Textures/grass_texture_01.png using Guid(d17f79bf4289c594ca4dec9e69654958) Importer(815301076,1909f56bfc062723c751e8b465ee728b)  -> (artifact id: '1b6c72a17f087eef3edd2590de7a69f1') in 0.084840 seconds 
========================================================================
Received Import Request.
  Time since last request: 0.000023 seconds.
  path: Assets/Hovl Studio/Procedural fire/Demo scene/Lightmap-0_comp_dir.png
  artifactKey: Guid(4a3abcea8684f464a9b302dd7a047387) Importer(815301076,1909f56bfc062723c751e8b465ee728b)
Start importing Assets/Hovl Studio/Procedural fire/Demo scene/Lightmap-0_comp_dir.png using Guid(4a3abcea8684f464a9b302dd7a047387) Importer(815301076,1909f56bfc062723c751e8b465ee728b)  -> (artifact id: '32daae599123c19ae0cb69e600cb848a') in 0.012744 seconds 
========================================================================
Received Import Request.
  Time since last request: 0.000025 seconds.
  path: Assets/Scenes/SampleScene/Lightmap-1_comp_dir.png
  artifactKey: Guid(7facfc1de381694478e29c5b66d6d97d) Importer(815301076,1909f56bfc062723c751e8b465ee728b)
Start importing Assets/Scenes/SampleScene/Lightmap-1_comp_dir.png using Guid(7facfc1de381694478e29c5b66d6d97d) Importer(815301076,1909f56bfc062723c751e8b465ee728b)  -> (artifact id: 'bc22c0a0478eab4302dc882590f23b49') in 0.014452 seconds 
========================================================================
Received Import Request.
  Time since last request: 0.000019 seconds.
  path: Assets/L_FG_Assets_Pack_Lite/Textures/Ground06_D.tga
  artifactKey: Guid(cb5be26c69ed6d047858b2803370d725) Importer(815301076,1909f56bfc062723c751e8b465ee728b)
Start importing Assets/L_FG_Assets_Pack_Lite/Textures/Ground06_D.tga using Guid(cb5be26c69ed6d047858b2803370d725) Importer(815301076,1909f56bfc062723c751e8b465ee728b)  -> (artifact id: '42d52c2eb211049148ec36ff7d2b58cb') in 0.013537 seconds 
========================================================================
Received Import Request.
  Time since last request: 0.000015 seconds.
  path: Assets/L_FG_Assets_Pack_Lite/Textures/Ground01_D.tga
  artifactKey: Guid(2f0a248e097813b4c856fdbf094e447c) Importer(815301076,1909f56bfc062723c751e8b465ee728b)
Start importing Assets/L_FG_Assets_Pack_Lite/Textures/Ground01_D.tga using Guid(2f0a248e097813b4c856fdbf094e447c) Importer(815301076,1909f56bfc062723c751e8b465ee728b)  -> (artifact id: '88b6842fb9cafda9d68fc4b6820415c0') in 0.010103 seconds 
========================================================================
Received Import Request.
  Time since last request: 0.000020 seconds.
  path: Assets/Stylized Ruins Environment/MATERIALS/Foliage Textures/grass_texture_03.png
  artifactKey: Guid(27e99a0f94d55604f8923aaf2a952b81) Importer(815301076,1909f56bfc062723c751e8b465ee728b)
Start importing Assets/Stylized Ruins Environment/MATERIALS/Foliage Textures/grass_texture_03.png using Guid(27e99a0f94d55604f8923aaf2a952b81) Importer(815301076,1909f56bfc062723c751e8b465ee728b)  -> (artifact id: '45910d97db00292d7c9a926e8ad89f75') in 0.048461 seconds 
========================================================================
Received Import Request.
  Time since last request: 0.000024 seconds.
  path: Assets/Stylized Ruins Environment/MATERIALS/Foliage Textures/leaves_texture.png
  artifactKey: Guid(8258de2c73bed8843ab3aa99001d0733) Importer(815301076,1909f56bfc062723c751e8b465ee728b)
Start importing Assets/Stylized Ruins Environment/MATERIALS/Foliage Textures/leaves_texture.png using Guid(8258de2c73bed8843ab3aa99001d0733) Importer(815301076,1909f56bfc062723c751e8b465ee728b)  -> (artifact id: 'faa9ff53247d6b1ed7535add786e7908') in 0.012580 seconds 
========================================================================
Received Import Request.
  Time since last request: 0.000022 seconds.
  path: Assets/Hovl Studio/Procedural fire/Textures/FireSphere2.png
  artifactKey: Guid(a52c2b00382a3264cbea32cfc2c36b34) Importer(815301076,1909f56bfc062723c751e8b465ee728b)
Start importing Assets/Hovl Studio/Procedural fire/Textures/FireSphere2.png using Guid(a52c2b00382a3264cbea32cfc2c36b34) Importer(815301076,1909f56bfc062723c751e8b465ee728b)  -> (artifact id: 'fb4e1da77edb2f8535b586791ab1bc14') in 0.020016 seconds 
========================================================================
Received Import Request.
  Time since last request: 0.000022 seconds.
  path: Assets/Scenes/SampleScene/Lightmap-6_comp_dir.png
  artifactKey: Guid(f4c7b8079a0453e438e2ac2ca49bb7c8) Importer(815301076,1909f56bfc062723c751e8b465ee728b)
Start importing Assets/Scenes/SampleScene/Lightmap-6_comp_dir.png using Guid(f4c7b8079a0453e438e2ac2ca49bb7c8) Importer(815301076,1909f56bfc062723c751e8b465ee728b)  -> (artifact id: '2b0457e3328cbb260ce5f1497153102e') in 0.014755 seconds 
========================================================================
Received Import Request.
  Time since last request: 0.000021 seconds.
  path: Assets/L_FG_Assets_Pack_Lite/Demo/Demo6/Lightmap-1_comp_light.exr
  artifactKey: Guid(0b8b957a07eb08e4892dfd7ecc74b2fd) Importer(815301076,1909f56bfc062723c751e8b465ee728b)
Start importing Assets/L_FG_Assets_Pack_Lite/Demo/Demo6/Lightmap-1_comp_light.exr using Guid(0b8b957a07eb08e4892dfd7ecc74b2fd) Importer(815301076,1909f56bfc062723c751e8b465ee728b)  -> (artifact id: 'bc433d592a2240cd5df5d083aa07dd5c') in 0.042529 seconds 
========================================================================
Received Import Request.
  Time since last request: 0.000021 seconds.
  path: Assets/Scenes/levels/Lvl 1/Lightmap-0_comp_light.exr
  artifactKey: Guid(26e03d9e1b98ed142a053b21dfc1bc31) Importer(815301076,1909f56bfc062723c751e8b465ee728b)
Start importing Assets/Scenes/levels/Lvl 1/Lightmap-0_comp_light.exr using Guid(26e03d9e1b98ed142a053b21dfc1bc31) Importer(815301076,1909f56bfc062723c751e8b465ee728b)  -> (artifact id: 'f4ab9519ab32b9be71469a5f1938abf9') in 0.012119 seconds 
========================================================================
Received Import Request.
  Time since last request: 0.000027 seconds.
  path: Assets/L_FG_Assets_Pack_Lite/Textures/Ground03_D.tga
  artifactKey: Guid(973f3c1c9f25c0b41baacb27a46a02ef) Importer(815301076,1909f56bfc062723c751e8b465ee728b)
Start importing Assets/L_FG_Assets_Pack_Lite/Textures/Ground03_D.tga using Guid(973f3c1c9f25c0b41baacb27a46a02ef) Importer(815301076,1909f56bfc062723c751e8b465ee728b)  -> (artifact id: '7b486b7a1a4f8b32d0e7f8bc48ff3845') in 0.013819 seconds 
========================================================================
Received Import Request.
  Time since last request: 0.000042 seconds.
  path: Assets/Stylized Ruins Environment/MATERIALS/Foliage Textures/grass_texture_frozen.png
  artifactKey: Guid(8b577c583cda05643a98241d9eb1db9e) Importer(815301076,1909f56bfc062723c751e8b465ee728b)
Start importing Assets/Stylized Ruins Environment/MATERIALS/Foliage Textures/grass_texture_frozen.png using Guid(8b577c583cda05643a98241d9eb1db9e) Importer(815301076,1909f56bfc062723c751e8b465ee728b)  -> (artifact id: 'f695aef1aecfb0c72bac34c576bc3d68') in 0.012200 seconds 
========================================================================
Received Import Request.
  Time since last request: 0.000017 seconds.
  path: Assets/Scenes/SampleScene/Lightmap-2_comp_dir.png
  artifactKey: Guid(29b26f51fd2bb3e4a87654abf6087716) Importer(815301076,1909f56bfc062723c751e8b465ee728b)
Start importing Assets/Scenes/SampleScene/Lightmap-2_comp_dir.png using Guid(29b26f51fd2bb3e4a87654abf6087716) Importer(815301076,1909f56bfc062723c751e8b465ee728b)  -> (artifact id: 'ac9a15772791dee0c6bd49f0a42e2123') in 0.012489 seconds 
========================================================================
Received Import Request.
  Time since last request: 0.000019 seconds.
  path: Assets/L_FG_Assets_Pack_Lite/Textures/Ground07_D.tga
  artifactKey: Guid(6447b5c42a714c94999207227d5e5b20) Importer(815301076,1909f56bfc062723c751e8b465ee728b)
Start importing Assets/L_FG_Assets_Pack_Lite/Textures/Ground07_D.tga using Guid(6447b5c42a714c94999207227d5e5b20) Importer(815301076,1909f56bfc062723c751e8b465ee728b)  -> (artifact id: '5097edf9b2ae511340aca9c40c72d42c') in 0.012827 seconds 
========================================================================
Received Import Request.
  Time since last request: 0.000018 seconds.
  path: Assets/Stylized Ruins Environment/MATERIALS/Foliage Textures/grass_texture_02.png
  artifactKey: Guid(8b5e8fec46767b04c9d5500d83ecb3d2) Importer(815301076,1909f56bfc062723c751e8b465ee728b)
Start importing Assets/Stylized Ruins Environment/MATERIALS/Foliage Textures/grass_texture_02.png using Guid(8b5e8fec46767b04c9d5500d83ecb3d2) Importer(815301076,1909f56bfc062723c751e8b465ee728b)  -> (artifact id: '53725d174136c7574f55958b0c5e2bad') in 0.011800 seconds 
========================================================================
Received Import Request.
  Time since last request: 0.000018 seconds.
  path: Assets/Scenes/SampleScene/Lightmap-4_comp_light.exr
  artifactKey: Guid(52995f41a196e2c4da0f6f83b6fc554b) Importer(815301076,1909f56bfc062723c751e8b465ee728b)
Start importing Assets/Scenes/SampleScene/Lightmap-4_comp_light.exr using Guid(52995f41a196e2c4da0f6f83b6fc554b) Importer(815301076,1909f56bfc062723c751e8b465ee728b)  -> (artifact id: '3c1517311b3203c7f18d0ae5a5ea8709') in 0.014150 seconds 
========================================================================
Received Import Request.
  Time since last request: 0.000083 seconds.
  path: Assets/Scenes/levels/Lvl 1/Lightmap-0_comp_shadowmask.png
  artifactKey: Guid(113a8056eaaabd247a81fad83a11a37b) Importer(815301076,1909f56bfc062723c751e8b465ee728b)
Start importing Assets/Scenes/levels/Lvl 1/Lightmap-0_comp_shadowmask.png using Guid(113a8056eaaabd247a81fad83a11a37b) Importer(815301076,1909f56bfc062723c751e8b465ee728b)  -> (artifact id: '7502adb868c89bf994cb13950417080b') in 0.012663 seconds 
========================================================================
Received Import Request.
  Time since last request: 0.000026 seconds.
  path: Assets/Scenes/SampleScene/Lightmap-3_comp_shadowmask.png
  artifactKey: Guid(9193bb92ded9b0f4e86776b3d2c9dbf3) Importer(815301076,1909f56bfc062723c751e8b465ee728b)
Start importing Assets/Scenes/SampleScene/Lightmap-3_comp_shadowmask.png using Guid(9193bb92ded9b0f4e86776b3d2c9dbf3) Importer(815301076,1909f56bfc062723c751e8b465ee728b)  -> (artifact id: '897f47f5905efe1f4e8b268f552e3014') in 0.013464 seconds 
========================================================================
Received Import Request.
  Time since last request: 0.000017 seconds.
  path: Assets/Scenes/SampleScene/Lightmap-2_comp_light.exr
  artifactKey: Guid(ee0c9c568a61d7d418701fb46bc4231f) Importer(815301076,1909f56bfc062723c751e8b465ee728b)
Start importing Assets/Scenes/SampleScene/Lightmap-2_comp_light.exr using Guid(ee0c9c568a61d7d418701fb46bc4231f) Importer(815301076,1909f56bfc062723c751e8b465ee728b)  -> (artifact id: '95dfc50db3ee6888e59fb5783705559d') in 0.011076 seconds 
========================================================================
Received Prepare
Refreshing native plugins compatible for Editor in 4.62 ms, found 4 plugins.
Preloading 0 native plugins for Editor in 0.00 ms.
Unloading 14 Unused Serialized files (Serialized files now loaded: 0)
Unloading 14 unused Assets / (92.6 KB). Loaded Objects now: 2345.
Memory consumption went from 59.4 MB to 59.3 MB.
Total: 3.992300 ms (FindLiveObjects: 0.168200 ms CreateObjectMapping: 0.089300 ms MarkObjects: 3.664200 ms  DeleteObjects: 0.069400 ms)

AssetImportParameters requested are different than current active one (requested -> active):
  custom:video-decoder-ogg-theora: a1e56fd34408186e4bbccfd4996cb3dc -> 
  custom:container-muxer-webm: aa71ff27fc2769a1b78a27578f13a17b -> 
  custom:container-demuxer-webm: 4f35f7cbe854078d1ac9338744f61a02 -> 
  custom:video-encoder-webm-vp8: eb34c28f22e8b96e1ab97ce403110664 -> 
  custom:video-codec-MediaFoundation-h265: 746d11721c4dcdbdad8f713fa42b33f4 -> 
  custom:audio-encoder-webm-vorbis: bf7c407c2cedff20999df2af8eb42d56 -> 
  custom:framework-win-MediaFoundation: 216162199b28c13a410421893ffa2e32 -> 
  custom:container-demuxer-ogg: 62fdf1f143b41e24485cea50d1cbac27 -> 
  custom:video-decoder-webm-vp8: 9c59270c3fd7afecdb556c50c9e8de78 -> 
  custom:audio-decoder-ogg-vorbis: bf7c407c2cedff20999df2af8eb42d56 -> 
