Using pre-set license
Built from '2020.3/staging' branch; Version is '2020.3.22f1 (e1a7f79fd887) revision 14788599'; Using compiler version '192528614'; Build Type 'Release'
OS: 'Windows 10 Home; OS build 22000.376; Version 2009; 64bit' Language: 'es' Physical Memory: 16150 MB
BatchMode: 1, IsHumanControllingUs: 0, StartBugReporterOnCrash: 0, Is64bit: 1, IsPro: 0

COMMAND LINE ARGUMENTS:
C:\Program Files\Unity\Hub\Editor\2020.3.22f1\Editor\Unity.exe
-adb2
-batchMode
-noUpm
-name
AssetImportWorker0
-projectPath
C:/Uni/TFG/Repo_TFG/TFG_Project
-logFile
Logs/AssetImportWorker0.log
-srvPort
50745
Successfully changed project path to: C:/Uni/TFG/Repo_TFG/TFG_Project
C:/Uni/TFG/Repo_TFG/TFG_Project
Using Asset Import Pipeline V2.
Refreshing native plugins compatible for Editor in 50.48 ms, found 2 plugins.
Preloading 0 native plugins for Editor in 0.00 ms.
Initialize engine version: 2020.3.22f1 (e1a7f79fd887)
[Subsystems] Discovering subsystems at path C:/Program Files/Unity/Hub/Editor/2020.3.22f1/Editor/Data/Resources/UnitySubsystems
[Subsystems] Discovering subsystems at path C:/Uni/TFG/Repo_TFG/TFG_Project/Assets
GfxDevice: creating device client; threaded=0
Direct3D:
    Version:  Direct3D 11.0 [level 11.1]
    Renderer: NVIDIA GeForce RTX 2060 (ID=0x1f15)
    Vendor:   
    VRAM:     5980 MB
    Driver:   30.0.14.9676
Initialize mono
Mono path[0] = 'C:/Program Files/Unity/Hub/Editor/2020.3.22f1/Editor/Data/Managed'
Mono path[1] = 'C:/Program Files/Unity/Hub/Editor/2020.3.22f1/Editor/Data/MonoBleedingEdge/lib/mono/unityjit'
Mono config path = 'C:/Program Files/Unity/Hub/Editor/2020.3.22f1/Editor/Data/MonoBleedingEdge/etc'
Using monoOptions --debugger-agent=transport=dt_socket,embedding=1,server=y,suspend=n,address=127.0.0.1:56040
Begin MonoManager ReloadAssembly
Registering precompiled unity dll's ...
Register platform support module: C:/Program Files/Unity/Hub/Editor/2020.3.22f1/Editor/Data/PlaybackEngines/WindowsStandaloneSupport/UnityEditor.WindowsStandalone.Extensions.dll
Registered in 0.003099 seconds.
Native extension for WindowsStandalone target not found
Refreshing native plugins compatible for Editor in 53.80 ms, found 2 plugins.
Preloading 0 native plugins for Editor in 0.00 ms.
Mono: successfully reloaded assembly
- Completed reload, in  2.447 seconds
Domain Reload Profiling:
	ReloadAssembly (2447ms)
		BeginReloadAssembly (72ms)
			ExecutionOrderSort (0ms)
			DisableScriptedObjects (0ms)
			BackupInstance (0ms)
			ReleaseScriptingObjects (0ms)
			CreateAndSetChildDomain (2ms)
		EndReloadAssembly (605ms)
			LoadAssemblies (69ms)
			RebuildTransferFunctionScriptingTraits (0ms)
			SetupTypeCache (196ms)
			ReleaseScriptCaches (0ms)
			RebuildScriptCaches (43ms)
			SetupLoadedEditorAssemblies (240ms)
				LogAssemblyErrors (0ms)
				InitializePlatformSupportModulesInManaged (6ms)
				SetLoadedEditorAssemblies (0ms)
				RefreshPlugins (54ms)
				BeforeProcessingInitializeOnLoad (23ms)
				ProcessInitializeOnLoadAttributes (117ms)
				ProcessInitializeOnLoadMethodAttributes (39ms)
				AfterProcessingInitializeOnLoad (0ms)
				EditorAssembliesLoaded (0ms)
			ExecutionOrderSort2 (0ms)
			AwakeInstancesAfterBackupRestoration (0ms)
Platform modules already initialized, skipping
Registering precompiled user dll's ...
Registered in 0.010049 seconds.
Begin MonoManager ReloadAssembly
Native extension for WindowsStandalone target not found
Refreshing native plugins compatible for Editor in 0.42 ms, found 2 plugins.
Preloading 0 native plugins for Editor in 0.00 ms.
Mono: successfully reloaded assembly
- Completed reload, in  1.331 seconds
Domain Reload Profiling:
	ReloadAssembly (1333ms)
		BeginReloadAssembly (185ms)
			ExecutionOrderSort (0ms)
			DisableScriptedObjects (6ms)
			BackupInstance (0ms)
			ReleaseScriptingObjects (0ms)
			CreateAndSetChildDomain (22ms)
		EndReloadAssembly (1066ms)
			LoadAssemblies (113ms)
			RebuildTransferFunctionScriptingTraits (0ms)
			SetupTypeCache (373ms)
			ReleaseScriptCaches (1ms)
			RebuildScriptCaches (57ms)
			SetupLoadedEditorAssemblies (409ms)
				LogAssemblyErrors (0ms)
				InitializePlatformSupportModulesInManaged (6ms)
				SetLoadedEditorAssemblies (0ms)
				RefreshPlugins (0ms)
				BeforeProcessingInitializeOnLoad (103ms)
				ProcessInitializeOnLoadAttributes (281ms)
				ProcessInitializeOnLoadMethodAttributes (10ms)
				AfterProcessingInitializeOnLoad (8ms)
				EditorAssembliesLoaded (0ms)
			ExecutionOrderSort2 (0ms)
			AwakeInstancesAfterBackupRestoration (8ms)
Platform modules already initialized, skipping
========================================================================
Worker process is ready to serve import requests
Launched and connected shader compiler UnityShaderCompiler.exe after 0.08 seconds
Refreshing native plugins compatible for Editor in 0.96 ms, found 2 plugins.
Preloading 0 native plugins for Editor in 0.00 ms.
Unloading 1665 Unused Serialized files (Serialized files now loaded: 0)
System memory in use before: 101.4 MB.
System memory in use after: 101.5 MB.

Unloading 20 unused Assets to reduce memory usage. Loaded Objects now: 2127.
Total: 3.033300 ms (FindLiveObjects: 0.206400 ms CreateObjectMapping: 0.076200 ms MarkObjects: 2.670600 ms  DeleteObjects: 0.078400 ms)

AssetImportParameters requested are different than current active one (requested -> active):
  custom:framework-win-MediaFoundation: 216162199b28c13a410421893ffa2e32 -> 
  custom:video-decoder-ogg-theora: a1e56fd34408186e4bbccfd4996cb3dc -> 
  custom:container-muxer-webm: aa71ff27fc2769a1b78a27578f13a17b -> 
  custom:container-demuxer-webm: 4f35f7cbe854078d1ac9338744f61a02 -> 
  custom:container-demuxer-ogg: 62fdf1f143b41e24485cea50d1cbac27 -> 
  custom:video-encoder-webm-vp8: eb34c28f22e8b96e1ab97ce403110664 -> 
  custom:video-codec-MediaFoundation-h265: 746d11721c4dcdbdad8f713fa42b33f4 -> 
  custom:video-decoder-webm-vp8: 9c59270c3fd7afecdb556c50c9e8de78 -> 
  custom:audio-decoder-ogg-vorbis: bf7c407c2cedff20999df2af8eb42d56 -> 
  custom:audio-encoder-webm-vorbis: bf7c407c2cedff20999df2af8eb42d56 -> 
========================================================================
Received Import Request.
  path: Assets/Animations/Characters/Player/Sword And Shield Attack.fbx
  artifactKey: Guid(6508320c193fc3a4cb5cca61d11196fd) Importer(815301076,1909f56bfc062723c751e8b465ee728b)
Start importing Assets/Animations/Characters/Player/Sword And Shield Attack.fbx using Guid(6508320c193fc3a4cb5cca61d11196fd) Importer(815301076,1909f56bfc062723c751e8b465ee728b)  -> (artifact id: 'c117e80a2c01523fce83b3e80ea63dae') in 0.068237 seconds 
  Import took 0.071378 seconds .

========================================================================
Received Import Request.
  Time since last request: 42.356128 seconds.
  path: Assets/Animations/Characters/Player/Sword And Shield Attack.fbx
  artifactKey: Guid(6508320c193fc3a4cb5cca61d11196fd) Importer(815301076,1909f56bfc062723c751e8b465ee728b)
Start importing Assets/Animations/Characters/Player/Sword And Shield Attack.fbx using Guid(6508320c193fc3a4cb5cca61d11196fd) Importer(815301076,1909f56bfc062723c751e8b465ee728b)  -> (artifact id: 'b2cd8c059903dcacea2bd20179c4fc49') in 0.008876 seconds 
  Import took 0.013820 seconds .

========================================================================
Received Import Request.
  Time since last request: 42.615138 seconds.
  path: Assets/Animations/Characters/Player/Sword And Shield Attack.fbx
  artifactKey: Guid(6508320c193fc3a4cb5cca61d11196fd) Importer(815301076,1909f56bfc062723c751e8b465ee728b)
Start importing Assets/Animations/Characters/Player/Sword And Shield Attack.fbx using Guid(6508320c193fc3a4cb5cca61d11196fd) Importer(815301076,1909f56bfc062723c751e8b465ee728b)  -> (artifact id: '3475cfae8b6a60eadb6785dd926c726f') in 0.011141 seconds 
  Import took 0.016330 seconds .

========================================================================
Received Import Request.
  Time since last request: 59.215137 seconds.
  path: Assets/Animations/Characters/Player/Sword And Shield Attack.fbx
  artifactKey: Guid(6508320c193fc3a4cb5cca61d11196fd) Importer(815301076,1909f56bfc062723c751e8b465ee728b)
Start importing Assets/Animations/Characters/Player/Sword And Shield Attack.fbx using Guid(6508320c193fc3a4cb5cca61d11196fd) Importer(815301076,1909f56bfc062723c751e8b465ee728b)  -> (artifact id: '1e21e02f543d4b229a6852e6eacd7536') in 0.008600 seconds 
  Import took 0.012057 seconds .

========================================================================
Received Import Request.
  Time since last request: 194.468323 seconds.
  path: Assets/Animations/Characters/Player/character_anims_1.fbx
  artifactKey: Guid(80e9961acba62344f92b0d804192be24) Importer(815301076,1909f56bfc062723c751e8b465ee728b)
Start importing Assets/Animations/Characters/Player/character_anims_1.fbx using Guid(80e9961acba62344f92b0d804192be24) Importer(815301076,1909f56bfc062723c751e8b465ee728b)  -> (artifact id: '3c7cf5c3fcb5ab2a6d4305995b8f89de') in 0.015083 seconds 
  Import took 0.021329 seconds .

========================================================================
Received Import Request.
  Time since last request: 132.791399 seconds.
  path: Assets/Animations/Characters/Player/Animator_Character.controller
  artifactKey: Guid(b7e50c22a155d2440ac101bb6bc1b030) Importer(815301076,1909f56bfc062723c751e8b465ee728b)
Start importing Assets/Animations/Characters/Player/Animator_Character.controller using Guid(b7e50c22a155d2440ac101bb6bc1b030) Importer(815301076,1909f56bfc062723c751e8b465ee728b)  -> (artifact id: '89131c3ae0a429a025c170aadb1ea293') in 0.029816 seconds 
  Import took 0.033342 seconds .

========================================================================
Received Prepare
Registering precompiled user dll's ...
Registered in 0.007060 seconds.
Begin MonoManager ReloadAssembly
Native extension for WindowsStandalone target not found
Refreshing native plugins compatible for Editor in 0.44 ms, found 2 plugins.
Preloading 0 native plugins for Editor in 0.00 ms.
Mono: successfully reloaded assembly
- Completed reload, in  1.211 seconds
Domain Reload Profiling:
	ReloadAssembly (1212ms)
		BeginReloadAssembly (122ms)
			ExecutionOrderSort (0ms)
			DisableScriptedObjects (4ms)
			BackupInstance (0ms)
			ReleaseScriptingObjects (0ms)
			CreateAndSetChildDomain (36ms)
		EndReloadAssembly (1007ms)
			LoadAssemblies (101ms)
			RebuildTransferFunctionScriptingTraits (0ms)
			SetupTypeCache (347ms)
			ReleaseScriptCaches (1ms)
			RebuildScriptCaches (70ms)
			SetupLoadedEditorAssemblies (356ms)
				LogAssemblyErrors (0ms)
				InitializePlatformSupportModulesInManaged (6ms)
				SetLoadedEditorAssemblies (1ms)
				RefreshPlugins (1ms)
				BeforeProcessingInitializeOnLoad (92ms)
				ProcessInitializeOnLoadAttributes (239ms)
				ProcessInitializeOnLoadMethodAttributes (10ms)
				AfterProcessingInitializeOnLoad (8ms)
				EditorAssembliesLoaded (0ms)
			ExecutionOrderSort2 (0ms)
			AwakeInstancesAfterBackupRestoration (8ms)
Platform modules already initialized, skipping
Refreshing native plugins compatible for Editor in 0.78 ms, found 2 plugins.
Preloading 0 native plugins for Editor in 0.00 ms.
Unloading 1646 Unused Serialized files (Serialized files now loaded: 0)
System memory in use before: 100.1 MB.
System memory in use after: 100.2 MB.

Unloading 15 unused Assets to reduce memory usage. Loaded Objects now: 2129.
Total: 3.934100 ms (FindLiveObjects: 0.363900 ms CreateObjectMapping: 0.176900 ms MarkObjects: 3.368700 ms  DeleteObjects: 0.021800 ms)

AssetImportParameters requested are different than current active one (requested -> active):
  custom:framework-win-MediaFoundation: 216162199b28c13a410421893ffa2e32 -> 
  custom:video-decoder-ogg-theora: a1e56fd34408186e4bbccfd4996cb3dc -> 
  custom:container-muxer-webm: aa71ff27fc2769a1b78a27578f13a17b -> 
  custom:container-demuxer-webm: 4f35f7cbe854078d1ac9338744f61a02 -> 
  custom:container-demuxer-ogg: 62fdf1f143b41e24485cea50d1cbac27 -> 
  custom:video-encoder-webm-vp8: eb34c28f22e8b96e1ab97ce403110664 -> 
  custom:video-codec-MediaFoundation-h265: 746d11721c4dcdbdad8f713fa42b33f4 -> 
  custom:video-decoder-webm-vp8: 9c59270c3fd7afecdb556c50c9e8de78 -> 
  custom:audio-decoder-ogg-vorbis: bf7c407c2cedff20999df2af8eb42d56 -> 
  custom:audio-encoder-webm-vorbis: bf7c407c2cedff20999df2af8eb42d56 -> 
========================================================================
Received Prepare
Registering precompiled user dll's ...
Registered in 0.015625 seconds.
Begin MonoManager ReloadAssembly
Native extension for WindowsStandalone target not found
Refreshing native plugins compatible for Editor in 1.30 ms, found 2 plugins.
Preloading 0 native plugins for Editor in 0.00 ms.
Mono: successfully reloaded assembly
- Completed reload, in  2.286 seconds
Domain Reload Profiling:
	ReloadAssembly (2286ms)
		BeginReloadAssembly (328ms)
			ExecutionOrderSort (0ms)
			DisableScriptedObjects (9ms)
			BackupInstance (0ms)
			ReleaseScriptingObjects (0ms)
			CreateAndSetChildDomain (126ms)
		EndReloadAssembly (1816ms)
			LoadAssemblies (225ms)
			RebuildTransferFunctionScriptingTraits (0ms)
			SetupTypeCache (756ms)
			ReleaseScriptCaches (2ms)
			RebuildScriptCaches (84ms)
			SetupLoadedEditorAssemblies (594ms)
				LogAssemblyErrors (0ms)
				InitializePlatformSupportModulesInManaged (6ms)
				SetLoadedEditorAssemblies (1ms)
				RefreshPlugins (1ms)
				BeforeProcessingInitializeOnLoad (154ms)
				ProcessInitializeOnLoadAttributes (400ms)
				ProcessInitializeOnLoadMethodAttributes (20ms)
				AfterProcessingInitializeOnLoad (12ms)
				EditorAssembliesLoaded (0ms)
			ExecutionOrderSort2 (0ms)
			AwakeInstancesAfterBackupRestoration (12ms)
Platform modules already initialized, skipping
Refreshing native plugins compatible for Editor in 0.90 ms, found 2 plugins.
Preloading 0 native plugins for Editor in 0.00 ms.
Unloading 1646 Unused Serialized files (Serialized files now loaded: 0)
System memory in use before: 100.2 MB.
System memory in use after: 100.3 MB.

Unloading 15 unused Assets to reduce memory usage. Loaded Objects now: 2131.
Total: 4.893300 ms (FindLiveObjects: 0.268200 ms CreateObjectMapping: 0.129900 ms MarkObjects: 4.459400 ms  DeleteObjects: 0.034200 ms)

AssetImportParameters requested are different than current active one (requested -> active):
  custom:framework-win-MediaFoundation: 216162199b28c13a410421893ffa2e32 -> 
  custom:video-decoder-ogg-theora: a1e56fd34408186e4bbccfd4996cb3dc -> 
  custom:container-muxer-webm: aa71ff27fc2769a1b78a27578f13a17b -> 
  custom:container-demuxer-webm: 4f35f7cbe854078d1ac9338744f61a02 -> 
  custom:container-demuxer-ogg: 62fdf1f143b41e24485cea50d1cbac27 -> 
  custom:video-encoder-webm-vp8: eb34c28f22e8b96e1ab97ce403110664 -> 
  custom:video-codec-MediaFoundation-h265: 746d11721c4dcdbdad8f713fa42b33f4 -> 
  custom:video-decoder-webm-vp8: 9c59270c3fd7afecdb556c50c9e8de78 -> 
  custom:audio-decoder-ogg-vorbis: bf7c407c2cedff20999df2af8eb42d56 -> 
  custom:audio-encoder-webm-vorbis: bf7c407c2cedff20999df2af8eb42d56 -> 
========================================================================
Received Import Request.
  Time since last request: 1196.618551 seconds.
  path: Assets/Animations/Characters/Player/Tomb02_a (244).controller
  artifactKey: Guid(9c1b297b74bf3c24895cacf69fe3044a) Importer(815301076,1909f56bfc062723c751e8b465ee728b)
Start importing Assets/Animations/Characters/Player/Tomb02_a (244).controller using Guid(9c1b297b74bf3c24895cacf69fe3044a) Importer(815301076,1909f56bfc062723c751e8b465ee728b)  -> (artifact id: 'a6b41f51e78fd77de1c1dcb6e06225a4') in 0.028138 seconds 
  Import took 0.032444 seconds .

========================================================================
Received Import Request.
  Time since last request: 21591.458649 seconds.
  path: Assets/Stylized Ruins Environment/DEMO SCENES
  artifactKey: Guid(5babd43f6670a1e4290e12b6a0d0b3ab) Importer(815301076,1909f56bfc062723c751e8b465ee728b)
Start importing Assets/Stylized Ruins Environment/DEMO SCENES using Guid(5babd43f6670a1e4290e12b6a0d0b3ab) Importer(815301076,1909f56bfc062723c751e8b465ee728b)  -> (artifact id: 'c29b71392dbbf488f2d235366a089ebe') in 0.004758 seconds 
  Import took 0.030772 seconds .

========================================================================
Received Import Request.
  Time since last request: 0.814731 seconds.
  path: Assets/Stylized Ruins Environment/DEMO SCENES/DEMO SCENE Desert.unity
  artifactKey: Guid(59f0f65771294a546a4de2f50b87ace1) Importer(815301076,1909f56bfc062723c751e8b465ee728b)
Start importing Assets/Stylized Ruins Environment/DEMO SCENES/DEMO SCENE Desert.unity using Guid(59f0f65771294a546a4de2f50b87ace1) Importer(815301076,1909f56bfc062723c751e8b465ee728b)  -> (artifact id: '3e9b638883f0f07cccd428ca756487c9') in 0.011137 seconds 
  Import took 0.013463 seconds .

========================================================================
Received Import Request.
  Time since last request: 87.590843 seconds.
  path: Assets/Stylized Ruins Environment/DEMO SCENES/DEMO SCENE Standard.unity
  artifactKey: Guid(265a838be79a90d42b0afc81ca3962dd) Importer(815301076,1909f56bfc062723c751e8b465ee728b)
Start importing Assets/Stylized Ruins Environment/DEMO SCENES/DEMO SCENE Standard.unity using Guid(265a838be79a90d42b0afc81ca3962dd) Importer(815301076,1909f56bfc062723c751e8b465ee728b)  -> (artifact id: 'b32508cc33e47f95e2befff56ca1179a') in 0.014166 seconds 
  Import took 0.026814 seconds .

========================================================================
Received Import Request.
  Time since last request: 27.273063 seconds.
  path: Assets/Stylized Ruins Environment/DEMO SCENES/SHOWCASE SCENE 1.unity
  artifactKey: Guid(b90bb1ad44fcaab478aac81d91d17a5b) Importer(815301076,1909f56bfc062723c751e8b465ee728b)
Start importing Assets/Stylized Ruins Environment/DEMO SCENES/SHOWCASE SCENE 1.unity using Guid(b90bb1ad44fcaab478aac81d91d17a5b) Importer(815301076,1909f56bfc062723c751e8b465ee728b)  -> (artifact id: '5f33fa0bd470195b2972c53bd0b8b5d0') in 0.002637 seconds 
  Import took 0.006004 seconds .

========================================================================
Received Import Request.
  Time since last request: 61.458765 seconds.
  path: Assets/Stylized Ruins Environment/PREFABS/Ruins
  artifactKey: Guid(987ae7672ed767b42857ff40c85f1271) Importer(815301076,1909f56bfc062723c751e8b465ee728b)
Start importing Assets/Stylized Ruins Environment/PREFABS/Ruins using Guid(987ae7672ed767b42857ff40c85f1271) Importer(815301076,1909f56bfc062723c751e8b465ee728b)  -> (artifact id: '6f625507121e6abd324ca678a5e907fd') in 0.002836 seconds 
  Import took 0.013794 seconds .

========================================================================
Received Import Request.
  Time since last request: 1.080276 seconds.
  path: Assets/Stylized Ruins Environment/PREFABS/Ruins/SM_bridge_arch_ancient_01 (7).prefab
  artifactKey: Guid(02a76ca3dc15a794bb9a3cc6e5b2f84c) Importer(815301076,1909f56bfc062723c751e8b465ee728b)
Start importing Assets/Stylized Ruins Environment/PREFABS/Ruins/SM_bridge_arch_ancient_01 (7).prefab using Guid(02a76ca3dc15a794bb9a3cc6e5b2f84c) Importer(815301076,1909f56bfc062723c751e8b465ee728b)  -> (artifact id: '7e5613c84ec73ece58c3c7095e19063b') in 0.219272 seconds 
  Import took 0.222393 seconds .

========================================================================
Received Import Request.
  Time since last request: 5.410788 seconds.
  path: Assets/Stylized Ruins Environment/PREFABS/Ruins/SM_floor_tiles_ruins_01.prefab
  artifactKey: Guid(804ecec16f5b71e499889737f0cbcc08) Importer(815301076,1909f56bfc062723c751e8b465ee728b)
Start importing Assets/Stylized Ruins Environment/PREFABS/Ruins/SM_floor_tiles_ruins_01.prefab using Guid(804ecec16f5b71e499889737f0cbcc08) Importer(815301076,1909f56bfc062723c751e8b465ee728b)  -> (artifact id: '6c8f5c64237a89ace018e620284c3e6c') in 0.064960 seconds 
  Import took 0.067383 seconds .

========================================================================
Received Import Request.
  Time since last request: 0.319328 seconds.
  path: Assets/Stylized Ruins Environment/PREFABS/Ruins/SM_fireplace_brazen.prefab
  artifactKey: Guid(65a1264879b3f4648ba8b2fe17acabdb) Importer(815301076,1909f56bfc062723c751e8b465ee728b)
Start importing Assets/Stylized Ruins Environment/PREFABS/Ruins/SM_fireplace_brazen.prefab using Guid(65a1264879b3f4648ba8b2fe17acabdb) Importer(815301076,1909f56bfc062723c751e8b465ee728b)  -> (artifact id: 'd7f62ff1d3fdcf7f320e74c34482f264') in 0.012790 seconds 
  Import took 0.015616 seconds .

========================================================================
Received Import Request.
  Time since last request: 5.852852 seconds.
  path: Assets/Stylized Ruins Environment/PREFABS/Ruins/SM_floor_tiles_ruins_02.prefab
  artifactKey: Guid(8ddaf1855eb649c4ea22b78fdac70762) Importer(815301076,1909f56bfc062723c751e8b465ee728b)
Start importing Assets/Stylized Ruins Environment/PREFABS/Ruins/SM_floor_tiles_ruins_02.prefab using Guid(8ddaf1855eb649c4ea22b78fdac70762) Importer(815301076,1909f56bfc062723c751e8b465ee728b)  -> (artifact id: 'e60f731969f721ee58da52d68d41d39f') in 0.018583 seconds 
  Import took 0.021142 seconds .

========================================================================
Received Import Request.
  Time since last request: 0.572699 seconds.
  path: Assets/Stylized Ruins Environment/PREFABS/Ruins/SM_floor_tiles_ruins_03.prefab
  artifactKey: Guid(0072a19dc783f5e4da3a8e560933c7e6) Importer(815301076,1909f56bfc062723c751e8b465ee728b)
Start importing Assets/Stylized Ruins Environment/PREFABS/Ruins/SM_floor_tiles_ruins_03.prefab using Guid(0072a19dc783f5e4da3a8e560933c7e6) Importer(815301076,1909f56bfc062723c751e8b465ee728b)  -> (artifact id: '835aee6f9196cf46fe9306124fe3a569') in 0.015276 seconds 
  Import took 0.018119 seconds .

========================================================================
Received Import Request.
  Time since last request: 0.534712 seconds.
  path: Assets/Stylized Ruins Environment/PREFABS/Ruins/SM_pillar_01.prefab
  artifactKey: Guid(efa7d98de6cb655469f9595c5a671763) Importer(815301076,1909f56bfc062723c751e8b465ee728b)
Start importing Assets/Stylized Ruins Environment/PREFABS/Ruins/SM_pillar_01.prefab using Guid(efa7d98de6cb655469f9595c5a671763) Importer(815301076,1909f56bfc062723c751e8b465ee728b)  -> (artifact id: '849c2cbedffcaa304b7a11038ae514e9') in 0.020619 seconds 
  Import took 0.023055 seconds .

========================================================================
Received Import Request.
  Time since last request: 0.487092 seconds.
  path: Assets/Stylized Ruins Environment/PREFABS/Ruins/SM_pillar_03.prefab
  artifactKey: Guid(3bd08c033c7993f409f6f7d230c49403) Importer(815301076,1909f56bfc062723c751e8b465ee728b)
Start importing Assets/Stylized Ruins Environment/PREFABS/Ruins/SM_pillar_03.prefab using Guid(3bd08c033c7993f409f6f7d230c49403) Importer(815301076,1909f56bfc062723c751e8b465ee728b)  -> (artifact id: 'f6799ca0189b976e05b5cee8834a2768') in 0.014471 seconds 
  Import took 0.017297 seconds .

========================================================================
Received Import Request.
  Time since last request: 0.532335 seconds.
  path: Assets/Stylized Ruins Environment/PREFABS/Ruins/SM_rope_stripes_03.prefab
  artifactKey: Guid(ba03063671b5fa04ea3466caef484746) Importer(815301076,1909f56bfc062723c751e8b465ee728b)
Start importing Assets/Stylized Ruins Environment/PREFABS/Ruins/SM_rope_stripes_03.prefab using Guid(ba03063671b5fa04ea3466caef484746) Importer(815301076,1909f56bfc062723c751e8b465ee728b)  -> (artifact id: 'a5d90443db2f5270839f6c58d7a909cc') in 0.010810 seconds 
  Import took 0.013362 seconds .

========================================================================
Received Import Request.
  Time since last request: 0.975629 seconds.
  path: Assets/Stylized Ruins Environment/PREFABS/Ruins/SM_square_pillar_01.prefab
  artifactKey: Guid(30ca6e38f8b70b74da3e32cefe7e05a1) Importer(815301076,1909f56bfc062723c751e8b465ee728b)
Start importing Assets/Stylized Ruins Environment/PREFABS/Ruins/SM_square_pillar_01.prefab using Guid(30ca6e38f8b70b74da3e32cefe7e05a1) Importer(815301076,1909f56bfc062723c751e8b465ee728b)  -> (artifact id: '7322de7d816b2ad80f977b56f5fdd061') in 0.013381 seconds 
  Import took 0.015849 seconds .

========================================================================
Received Import Request.
  Time since last request: 1.246029 seconds.
  path: Assets/Stylized Ruins Environment/PREFABS/Ruins/SM_wall_stoneblocks_ruins_04.prefab
  artifactKey: Guid(af54109fdd3f6234fb1c75b836caed00) Importer(815301076,1909f56bfc062723c751e8b465ee728b)
Start importing Assets/Stylized Ruins Environment/PREFABS/Ruins/SM_wall_stoneblocks_ruins_04.prefab using Guid(af54109fdd3f6234fb1c75b836caed00) Importer(815301076,1909f56bfc062723c751e8b465ee728b)  -> (artifact id: '1b2064242f32ef3d2e83a02d74362454') in 0.018278 seconds 
  Import took 0.022198 seconds .

========================================================================
Received Import Request.
  Time since last request: 1.241909 seconds.
  path: Assets/Stylized Ruins Environment/PREFABS/Ruins/SM_wall_stoneblocks_ruins_03.prefab
  artifactKey: Guid(3bde5e3560770c04d9751dbd137d39b0) Importer(815301076,1909f56bfc062723c751e8b465ee728b)
Start importing Assets/Stylized Ruins Environment/PREFABS/Ruins/SM_wall_stoneblocks_ruins_03.prefab using Guid(3bde5e3560770c04d9751dbd137d39b0) Importer(815301076,1909f56bfc062723c751e8b465ee728b)  -> (artifact id: '6bd6b4f81b6c1444e4c0d1eac7cb665e') in 0.016660 seconds 
  Import took 0.027182 seconds .

========================================================================
Received Import Request.
  Time since last request: 0.343003 seconds.
  path: Assets/Stylized Ruins Environment/PREFABS/Ruins/SM_wall_stoneblocks_ruins_01.prefab
  artifactKey: Guid(5ee47914c0f64994c936bd61246bbe27) Importer(815301076,1909f56bfc062723c751e8b465ee728b)
Start importing Assets/Stylized Ruins Environment/PREFABS/Ruins/SM_wall_stoneblocks_ruins_01.prefab using Guid(5ee47914c0f64994c936bd61246bbe27) Importer(815301076,1909f56bfc062723c751e8b465ee728b)  -> (artifact id: '8352ee5797979fa5c58dd7d599757ef9') in 0.016034 seconds 
  Import took 0.019527 seconds .

========================================================================
Received Import Request.
  Time since last request: 0.688563 seconds.
  path: Assets/Stylized Ruins Environment/PREFABS/Ruins/SM_wall_stoneblocks_ruins_02.prefab
  artifactKey: Guid(4fc0c80152d074348a927fbb655ce9ba) Importer(815301076,1909f56bfc062723c751e8b465ee728b)
Start importing Assets/Stylized Ruins Environment/PREFABS/Ruins/SM_wall_stoneblocks_ruins_02.prefab using Guid(4fc0c80152d074348a927fbb655ce9ba) Importer(815301076,1909f56bfc062723c751e8b465ee728b)  -> (artifact id: 'e55fe8739922bda6c61a016c05e5362a') in 0.017054 seconds 
  Import took 0.020539 seconds .

========================================================================
Received Import Request.
  Time since last request: 2.452531 seconds.
  path: Assets/Stylized Ruins Environment/PREFABS/Ruins/SM_temple_building_large.prefab
  artifactKey: Guid(51d96b92d78ef6f4889a56688f9e0f7f) Importer(815301076,1909f56bfc062723c751e8b465ee728b)
Start importing Assets/Stylized Ruins Environment/PREFABS/Ruins/SM_temple_building_large.prefab using Guid(51d96b92d78ef6f4889a56688f9e0f7f) Importer(815301076,1909f56bfc062723c751e8b465ee728b)  -> (artifact id: '8b6eadf384907fbffce091e0563baea5') in 0.043612 seconds 
  Import took 0.047533 seconds .

========================================================================
Received Import Request.
  Time since last request: 0.525373 seconds.
  path: Assets/Stylized Ruins Environment/PREFABS/Ruins/SM_stones_batch (3).prefab
  artifactKey: Guid(555b808ee3eeddb45a3d4d916a2f30bb) Importer(815301076,1909f56bfc062723c751e8b465ee728b)
Start importing Assets/Stylized Ruins Environment/PREFABS/Ruins/SM_stones_batch (3).prefab using Guid(555b808ee3eeddb45a3d4d916a2f30bb) Importer(815301076,1909f56bfc062723c751e8b465ee728b)  -> (artifact id: 'f176398b8c1c8c704a49d91313430d52') in 0.014541 seconds 
  Import took 0.017168 seconds .

========================================================================
Received Import Request.
  Time since last request: 0.848897 seconds.
  path: Assets/Stylized Ruins Environment/PREFABS/Ruins/SM_staircase_ruins.prefab
  artifactKey: Guid(f163e6c5a0d0e9b4ba67757ef375a0d7) Importer(815301076,1909f56bfc062723c751e8b465ee728b)
Start importing Assets/Stylized Ruins Environment/PREFABS/Ruins/SM_staircase_ruins.prefab using Guid(f163e6c5a0d0e9b4ba67757ef375a0d7) Importer(815301076,1909f56bfc062723c751e8b465ee728b)  -> (artifact id: 'df8f6808a77246d38d4acea4afd8903c') in 0.041097 seconds 
  Import took 0.044699 seconds .

========================================================================
Received Import Request.
  Time since last request: 0.493222 seconds.
  path: Assets/Stylized Ruins Environment/PREFABS/Ruins/SM_square_pillar_04.prefab
  artifactKey: Guid(378f52c62387ffa429791e269dbc7877) Importer(815301076,1909f56bfc062723c751e8b465ee728b)
Start importing Assets/Stylized Ruins Environment/PREFABS/Ruins/SM_square_pillar_04.prefab using Guid(378f52c62387ffa429791e269dbc7877) Importer(815301076,1909f56bfc062723c751e8b465ee728b)  -> (artifact id: '03dd7b24f9a550dce92e24245256e115') in 0.015537 seconds 
  Import took 0.020436 seconds .

========================================================================
Received Import Request.
  Time since last request: 0.572573 seconds.
  path: Assets/Stylized Ruins Environment/PREFABS/Ruins/SM_square_pillar_02.prefab
  artifactKey: Guid(0be994e087e16944ea05653956754522) Importer(815301076,1909f56bfc062723c751e8b465ee728b)
Start importing Assets/Stylized Ruins Environment/PREFABS/Ruins/SM_square_pillar_02.prefab using Guid(0be994e087e16944ea05653956754522) Importer(815301076,1909f56bfc062723c751e8b465ee728b)  -> (artifact id: '55e08b73fde201ee3bf2bb051519a4d7') in 0.013215 seconds 
  Import took 0.016035 seconds .

========================================================================
Received Import Request.
  Time since last request: 1.242177 seconds.
  path: Assets/Stylized Ruins Environment/PREFABS/Ruins/SM_square_pillar_03.prefab
  artifactKey: Guid(bfef21f39117ba548be0b796c8e9a791) Importer(815301076,1909f56bfc062723c751e8b465ee728b)
Start importing Assets/Stylized Ruins Environment/PREFABS/Ruins/SM_square_pillar_03.prefab using Guid(bfef21f39117ba548be0b796c8e9a791) Importer(815301076,1909f56bfc062723c751e8b465ee728b)  -> (artifact id: '1e9667c76aee458402fb33c05d93e340') in 0.012480 seconds 
  Import took 0.015177 seconds .

========================================================================
Received Import Request.
  Time since last request: 53.151321 seconds.
  path: Assets/Scenes/Map 0.unity
  artifactKey: Guid(845b63a5948817349a7b87db39c7e817) Importer(815301076,1909f56bfc062723c751e8b465ee728b)
Start importing Assets/Scenes/Map 0.unity using Guid(845b63a5948817349a7b87db39c7e817) Importer(815301076,1909f56bfc062723c751e8b465ee728b)  -> (artifact id: 'efbd2a3601bc0bf2ffbaed0a258c5d75') in 0.002684 seconds 
  Import took 0.005655 seconds .

========================================================================
Received Import Request.
  Time since last request: 2.099007 seconds.
  path: Assets/Scenes/SampleScene.unity
  artifactKey: Guid(9fc0d4010bbf28b4594072e72b8655ab) Importer(815301076,1909f56bfc062723c751e8b465ee728b)
Start importing Assets/Scenes/SampleScene.unity using Guid(9fc0d4010bbf28b4594072e72b8655ab) Importer(815301076,1909f56bfc062723c751e8b465ee728b)  -> (artifact id: '29f7aaf7fce24ffee457a2a0b8019618') in 0.002788 seconds 
  Import took 0.005435 seconds .

========================================================================
Received Import Request.
  Time since last request: 47.887544 seconds.
  path: Assets/Cs_Destructible.cs
  artifactKey: Guid(8fd82d8a74e8afe4080bbe06dc9a3156) Importer(815301076,1909f56bfc062723c751e8b465ee728b)
Start importing Assets/Cs_Destructible.cs using Guid(8fd82d8a74e8afe4080bbe06dc9a3156) Importer(815301076,1909f56bfc062723c751e8b465ee728b)  -> (artifact id: '255f8ce778f6ddbb1215e058eb90cd8e') in 0.008013 seconds 
  Import took 0.010596 seconds .

========================================================================
Received Import Request.
  Time since last request: 5.577544 seconds.
  path: Assets/Scenes/SampleScene 1.unity
  artifactKey: Guid(973153de801288c4483c1abd86aebb3c) Importer(815301076,1909f56bfc062723c751e8b465ee728b)
Start importing Assets/Scenes/SampleScene 1.unity using Guid(973153de801288c4483c1abd86aebb3c) Importer(815301076,1909f56bfc062723c751e8b465ee728b)  -> (artifact id: 'c02b74195e7bcb43902166698b1cf1e9') in 0.002266 seconds 
  Import took 0.004566 seconds .

========================================================================
Received Import Request.
  Time since last request: 7.931207 seconds.
  path: Assets/Scenes/Map 0.unity
  artifactKey: Guid(973153de801288c4483c1abd86aebb3c) Importer(815301076,1909f56bfc062723c751e8b465ee728b)
Start importing Assets/Scenes/Map 0.unity using Guid(973153de801288c4483c1abd86aebb3c) Importer(815301076,1909f56bfc062723c751e8b465ee728b)  -> (artifact id: '41e405ecdd5a61b68b0ce3b285907fc5') in 0.002035 seconds 
  Import took 0.004431 seconds .

========================================================================
Received Import Request.
  Time since last request: 4.456337 seconds.
  path: Assets/Scenes/Map 0.unity
  artifactKey: Guid(973153de801288c4483c1abd86aebb3c) Importer(815301076,1909f56bfc062723c751e8b465ee728b)
Start importing Assets/Scenes/Map 0.unity using Guid(973153de801288c4483c1abd86aebb3c) Importer(815301076,1909f56bfc062723c751e8b465ee728b)  -> (artifact id: '02fed0cb7fed98a441755576854356bb') in 0.002246 seconds 
  Import took 0.005012 seconds .

========================================================================
Received Import Request.
  Time since last request: 5.973948 seconds.
  path: Assets/Scenes/SampleScene 1.unity
  artifactKey: Guid(1cbadff4683a83647a613ee6930a76cf) Importer(815301076,1909f56bfc062723c751e8b465ee728b)
Start importing Assets/Scenes/SampleScene 1.unity using Guid(1cbadff4683a83647a613ee6930a76cf) Importer(815301076,1909f56bfc062723c751e8b465ee728b)  -> (artifact id: 'c35b53a20b8b5687b1cc1104c04590be') in 0.003002 seconds 
  Import took 0.005967 seconds .

========================================================================
Received Import Request.
  Time since last request: 2672.847440 seconds.
  path: Assets/Stylized Ruins Environment/FBX FIles/Nature
  artifactKey: Guid(8fe8cdea99912224fa9e4e83c1188d82) Importer(815301076,1909f56bfc062723c751e8b465ee728b)
Start importing Assets/Stylized Ruins Environment/FBX FIles/Nature using Guid(8fe8cdea99912224fa9e4e83c1188d82) Importer(815301076,1909f56bfc062723c751e8b465ee728b)  -> (artifact id: '067cdc606b6d0716fde1c83d1b381bab') in 0.003357 seconds 
  Import took 0.010237 seconds .

========================================================================
Received Import Request.
  Time since last request: 0.649334 seconds.
  path: Assets/Stylized Ruins Environment/FBX FIles/Ruins
  artifactKey: Guid(fdc3cbeabeea3ea4884d96efa98a3791) Importer(815301076,1909f56bfc062723c751e8b465ee728b)
Start importing Assets/Stylized Ruins Environment/FBX FIles/Ruins using Guid(fdc3cbeabeea3ea4884d96efa98a3791) Importer(815301076,1909f56bfc062723c751e8b465ee728b)  -> (artifact id: '60aebe47e7ff84a922be639c0a601a07') in 0.002271 seconds 
  Import took 0.006303 seconds .

========================================================================
Received Import Request.
  Time since last request: 86.688327 seconds.
  path: Assets/Stylized Ruins Environment/PREFABS/Ruins/SM_platform_ruins_modular.prefab
  artifactKey: Guid(a48d0031ce07d454a8f38b0c3af70bd1) Importer(815301076,1909f56bfc062723c751e8b465ee728b)
Start importing Assets/Stylized Ruins Environment/PREFABS/Ruins/SM_platform_ruins_modular.prefab using Guid(a48d0031ce07d454a8f38b0c3af70bd1) Importer(815301076,1909f56bfc062723c751e8b465ee728b)  -> (artifact id: '901e1143ccc39d92f07925f4d9a364aa') in 0.070298 seconds 
  Import took 0.074479 seconds .

========================================================================
Received Import Request.
  Time since last request: 7.810306 seconds.
  path: Assets/Stylized Ruins Environment/PREFABS/Ruins/SM_gate_arch_01.prefab
  artifactKey: Guid(2bcffbd227cca29469cb5aacccbcada0) Importer(815301076,1909f56bfc062723c751e8b465ee728b)
Start importing Assets/Stylized Ruins Environment/PREFABS/Ruins/SM_gate_arch_01.prefab using Guid(2bcffbd227cca29469cb5aacccbcada0) Importer(815301076,1909f56bfc062723c751e8b465ee728b)  -> (artifact id: 'b0ead54468818b032f5a9b6be6f77369') in 0.054828 seconds 
  Import took 0.066264 seconds .

========================================================================
Received Import Request.
  Time since last request: 1.001865 seconds.
  path: Assets/Stylized Ruins Environment/PREFABS/Ruins/SM_pillar_02.prefab
  artifactKey: Guid(e38452c43662572438711b1ba5c2eb24) Importer(815301076,1909f56bfc062723c751e8b465ee728b)
Start importing Assets/Stylized Ruins Environment/PREFABS/Ruins/SM_pillar_02.prefab using Guid(e38452c43662572438711b1ba5c2eb24) Importer(815301076,1909f56bfc062723c751e8b465ee728b)  -> (artifact id: 'bac033f3877b37fa7bd321ab7395fc0b') in 0.025675 seconds 
  Import took 0.029000 seconds .

========================================================================
Received Import Request.
  Time since last request: 3.033094 seconds.
  path: Assets/Stylized Ruins Environment/PREFABS/Ruins/SM_rope_stripes_01.prefab
  artifactKey: Guid(741fdc93c97fc7b4cb11861899625759) Importer(815301076,1909f56bfc062723c751e8b465ee728b)
Start importing Assets/Stylized Ruins Environment/PREFABS/Ruins/SM_rope_stripes_01.prefab using Guid(741fdc93c97fc7b4cb11861899625759) Importer(815301076,1909f56bfc062723c751e8b465ee728b)  -> (artifact id: '67b1e3407dfedc9999ad41699da6fe49') in 0.009166 seconds 
  Import took 0.012222 seconds .

========================================================================
Received Import Request.
  Time since last request: 1.296080 seconds.
  path: Assets/Stylized Ruins Environment/PREFABS/Ruins/SM_rope_stripes_02.prefab
  artifactKey: Guid(e88facb1ba7bf6246a12906a66371210) Importer(815301076,1909f56bfc062723c751e8b465ee728b)
Start importing Assets/Stylized Ruins Environment/PREFABS/Ruins/SM_rope_stripes_02.prefab using Guid(e88facb1ba7bf6246a12906a66371210) Importer(815301076,1909f56bfc062723c751e8b465ee728b)  -> (artifact id: 'cff9d572e963bfe0149f39a35e3f20b4') in 0.012896 seconds 
  Import took 0.016258 seconds .

========================================================================
Received Prepare
Registering precompiled user dll's ...
Registered in 0.007109 seconds.
Begin MonoManager ReloadAssembly
Native extension for WindowsStandalone target not found
Refreshing native plugins compatible for Editor in 0.37 ms, found 2 plugins.
Preloading 0 native plugins for Editor in 0.00 ms.
Mono: successfully reloaded assembly
- Completed reload, in  0.909 seconds
Domain Reload Profiling:
	ReloadAssembly (911ms)
		BeginReloadAssembly (162ms)
			ExecutionOrderSort (0ms)
			DisableScriptedObjects (11ms)
			BackupInstance (0ms)
			ReleaseScriptingObjects (0ms)
			CreateAndSetChildDomain (77ms)
		EndReloadAssembly (693ms)
			LoadAssemblies (86ms)
			RebuildTransferFunctionScriptingTraits (0ms)
			SetupTypeCache (240ms)
			ReleaseScriptCaches (1ms)
			RebuildScriptCaches (34ms)
			SetupLoadedEditorAssemblies (254ms)
				LogAssemblyErrors (0ms)
				InitializePlatformSupportModulesInManaged (4ms)
				SetLoadedEditorAssemblies (1ms)
				RefreshPlugins (0ms)
				BeforeProcessingInitializeOnLoad (61ms)
				ProcessInitializeOnLoadAttributes (176ms)
				ProcessInitializeOnLoadMethodAttributes (7ms)
				AfterProcessingInitializeOnLoad (5ms)
				EditorAssembliesLoaded (0ms)
			ExecutionOrderSort2 (0ms)
			AwakeInstancesAfterBackupRestoration (7ms)
Platform modules already initialized, skipping
Refreshing native plugins compatible for Editor in 0.37 ms, found 2 plugins.
Preloading 0 native plugins for Editor in 0.00 ms.
Unloading 1646 Unused Serialized files (Serialized files now loaded: 0)
System memory in use before: 103.3 MB.
System memory in use after: 103.4 MB.

Unloading 15 unused Assets to reduce memory usage. Loaded Objects now: 2140.
Total: 2.385700 ms (FindLiveObjects: 0.139900 ms CreateObjectMapping: 0.049100 ms MarkObjects: 2.180600 ms  DeleteObjects: 0.015300 ms)

AssetImportParameters requested are different than current active one (requested -> active):
  custom:framework-win-MediaFoundation: 216162199b28c13a410421893ffa2e32 -> 
  custom:video-decoder-ogg-theora: a1e56fd34408186e4bbccfd4996cb3dc -> 
  custom:container-muxer-webm: aa71ff27fc2769a1b78a27578f13a17b -> 
  custom:container-demuxer-webm: 4f35f7cbe854078d1ac9338744f61a02 -> 
  custom:container-demuxer-ogg: 62fdf1f143b41e24485cea50d1cbac27 -> 
  custom:video-encoder-webm-vp8: eb34c28f22e8b96e1ab97ce403110664 -> 
  custom:video-codec-MediaFoundation-h265: 746d11721c4dcdbdad8f713fa42b33f4 -> 
  custom:video-decoder-webm-vp8: 9c59270c3fd7afecdb556c50c9e8de78 -> 
  custom:audio-decoder-ogg-vorbis: bf7c407c2cedff20999df2af8eb42d56 -> 
  custom:audio-encoder-webm-vorbis: bf7c407c2cedff20999df2af8eb42d56 -> 
AssetImportWorkerClient::OnTransportError - code=2 error=End of file
