Using pre-set license
Built from '2020.3/staging' branch; Version is '2020.3.22f1 (e1a7f79fd887) revision 14788599'; Using compiler version '192528614'; Build Type 'Release'
OS: 'Windows 10 Home; OS build 22000.556; Version 2009; 64bit' Language: 'es' Physical Memory: 16150 MB
BatchMode: 1, IsHumanControllingUs: 0, StartBugReporterOnCrash: 0, Is64bit: 1, IsPro: 0

COMMAND LINE ARGUMENTS:
C:\Program Files\Unity\Hub\Editor\2020.3.22f1\Editor\Unity.exe
-adb2
-batchMode
-noUpm
-name
AssetImportWorker0
-projectPath
C:/Uni/VJ1241 - TFG/Repo_TFG/TFG_Project
-logFile
Logs/AssetImportWorker0.log
-srvPort
61915
Successfully changed project path to: C:/Uni/VJ1241 - TFG/Repo_TFG/TFG_Project
C:/Uni/VJ1241 - TFG/Repo_TFG/TFG_Project
Using Asset Import Pipeline V2.
Refreshing native plugins compatible for Editor in 38.31 ms, found 2 plugins.
Preloading 0 native plugins for Editor in 0.00 ms.
Initialize engine version: 2020.3.22f1 (e1a7f79fd887)
[Subsystems] Discovering subsystems at path C:/Program Files/Unity/Hub/Editor/2020.3.22f1/Editor/Data/Resources/UnitySubsystems
[Subsystems] Discovering subsystems at path C:/Uni/VJ1241 - TFG/Repo_TFG/TFG_Project/Assets
GfxDevice: creating device client; threaded=0
Direct3D:
    Version:  Direct3D 11.0 [level 11.1]
    Renderer: NVIDIA GeForce RTX 2060 (ID=0x1f15)
    Vendor:   
    VRAM:     5980 MB
    Driver:   30.0.15.1165
Initialize mono
Mono path[0] = 'C:/Program Files/Unity/Hub/Editor/2020.3.22f1/Editor/Data/Managed'
Mono path[1] = 'C:/Program Files/Unity/Hub/Editor/2020.3.22f1/Editor/Data/MonoBleedingEdge/lib/mono/unityjit'
Mono config path = 'C:/Program Files/Unity/Hub/Editor/2020.3.22f1/Editor/Data/MonoBleedingEdge/etc'
Using monoOptions --debugger-agent=transport=dt_socket,embedding=1,server=y,suspend=n,address=127.0.0.1:56472
Begin MonoManager ReloadAssembly
Registering precompiled unity dll's ...
Register platform support module: C:/Program Files/Unity/Hub/Editor/2020.3.22f1/Editor/Data/PlaybackEngines/WindowsStandaloneSupport/UnityEditor.WindowsStandalone.Extensions.dll
Registered in 0.001571 seconds.
Native extension for WindowsStandalone target not found
Refreshing native plugins compatible for Editor in 39.29 ms, found 2 plugins.
Preloading 0 native plugins for Editor in 0.00 ms.
Mono: successfully reloaded assembly
- Completed reload, in  0.969 seconds
Domain Reload Profiling:
	ReloadAssembly (969ms)
		BeginReloadAssembly (53ms)
			ExecutionOrderSort (0ms)
			DisableScriptedObjects (0ms)
			BackupInstance (0ms)
			ReleaseScriptingObjects (0ms)
			CreateAndSetChildDomain (1ms)
		EndReloadAssembly (403ms)
			LoadAssemblies (50ms)
			RebuildTransferFunctionScriptingTraits (0ms)
			SetupTypeCache (136ms)
			ReleaseScriptCaches (0ms)
			RebuildScriptCaches (28ms)
			SetupLoadedEditorAssemblies (152ms)
				LogAssemblyErrors (0ms)
				InitializePlatformSupportModulesInManaged (3ms)
				SetLoadedEditorAssemblies (0ms)
				RefreshPlugins (39ms)
				BeforeProcessingInitializeOnLoad (14ms)
				ProcessInitializeOnLoadAttributes (70ms)
				ProcessInitializeOnLoadMethodAttributes (25ms)
				AfterProcessingInitializeOnLoad (0ms)
				EditorAssembliesLoaded (0ms)
			ExecutionOrderSort2 (0ms)
			AwakeInstancesAfterBackupRestoration (0ms)
Platform modules already initialized, skipping
Registering precompiled user dll's ...
Registered in 0.003998 seconds.
Begin MonoManager ReloadAssembly
Native extension for WindowsStandalone target not found
Refreshing native plugins compatible for Editor in 0.45 ms, found 2 plugins.
Preloading 0 native plugins for Editor in 0.00 ms.
Mono: successfully reloaded assembly
- Completed reload, in  0.917 seconds
Domain Reload Profiling:
	ReloadAssembly (918ms)
		BeginReloadAssembly (123ms)
			ExecutionOrderSort (0ms)
			DisableScriptedObjects (4ms)
			BackupInstance (0ms)
			ReleaseScriptingObjects (0ms)
			CreateAndSetChildDomain (15ms)
		EndReloadAssembly (742ms)
			LoadAssemblies (73ms)
			RebuildTransferFunctionScriptingTraits (0ms)
			SetupTypeCache (251ms)
			ReleaseScriptCaches (0ms)
			RebuildScriptCaches (45ms)
			SetupLoadedEditorAssemblies (288ms)
				LogAssemblyErrors (0ms)
				InitializePlatformSupportModulesInManaged (4ms)
				SetLoadedEditorAssemblies (1ms)
				RefreshPlugins (1ms)
				BeforeProcessingInitializeOnLoad (71ms)
				ProcessInitializeOnLoadAttributes (198ms)
				ProcessInitializeOnLoadMethodAttributes (8ms)
				AfterProcessingInitializeOnLoad (6ms)
				EditorAssembliesLoaded (0ms)
			ExecutionOrderSort2 (0ms)
			AwakeInstancesAfterBackupRestoration (6ms)
Platform modules already initialized, skipping
========================================================================
Worker process is ready to serve import requests
Launched and connected shader compiler UnityShaderCompiler.exe after 0.03 seconds
Refreshing native plugins compatible for Editor in 0.40 ms, found 2 plugins.
Preloading 0 native plugins for Editor in 0.00 ms.
Unloading 1671 Unused Serialized files (Serialized files now loaded: 0)
System memory in use before: 87.9 MB.
System memory in use after: 88.0 MB.

Unloading 20 unused Assets to reduce memory usage. Loaded Objects now: 2104.
Total: 2.886100 ms (FindLiveObjects: 0.148900 ms CreateObjectMapping: 0.058000 ms MarkObjects: 2.601600 ms  DeleteObjects: 0.076700 ms)

AssetImportParameters requested are different than current active one (requested -> active):
  custom:framework-win-MediaFoundation: 216162199b28c13a410421893ffa2e32 -> 
  custom:video-decoder-ogg-theora: a1e56fd34408186e4bbccfd4996cb3dc -> 
  custom:container-muxer-webm: aa71ff27fc2769a1b78a27578f13a17b -> 
  custom:container-demuxer-webm: 4f35f7cbe854078d1ac9338744f61a02 -> 
  custom:container-demuxer-ogg: 62fdf1f143b41e24485cea50d1cbac27 -> 
  custom:video-encoder-webm-vp8: eb34c28f22e8b96e1ab97ce403110664 -> 
  custom:video-codec-MediaFoundation-h265: 746d11721c4dcdbdad8f713fa42b33f4 -> 
  custom:video-decoder-webm-vp8: 9c59270c3fd7afecdb556c50c9e8de78 -> 
  custom:audio-decoder-ogg-vorbis: bf7c407c2cedff20999df2af8eb42d56 -> 
  custom:audio-encoder-webm-vorbis: bf7c407c2cedff20999df2af8eb42d56 -> 
========================================================================
Received Import Request.
  path: Assets/Scenes
  artifactKey: Guid(7748ae625072e8b4fb01f2d03b432efc) Importer(815301076,1909f56bfc062723c751e8b465ee728b)
Start importing Assets/Scenes using Guid(7748ae625072e8b4fb01f2d03b432efc) Importer(815301076,1909f56bfc062723c751e8b465ee728b)  -> (artifact id: '5a3f09a3ff226ff728081bbd303f80fc') in 0.004592 seconds 
  Import took 0.006784 seconds .

========================================================================
Received Import Request.
  Time since last request: 0.804351 seconds.
  path: Assets/Scenes/levels
  artifactKey: Guid(53b0cb199410b904f82a4bc0b9002e19) Importer(815301076,1909f56bfc062723c751e8b465ee728b)
Start importing Assets/Scenes/levels using Guid(53b0cb199410b904f82a4bc0b9002e19) Importer(815301076,1909f56bfc062723c751e8b465ee728b)  -> (artifact id: '18e6935432ab86276e2c7cf6f81a38b9') in 0.002488 seconds 
  Import took 0.004744 seconds .

========================================================================
Received Import Request.
  Time since last request: 3.558937 seconds.
  path: Assets/Scenes/levels/Lvl 0
  artifactKey: Guid(903b40b3eac02c54e8180b11f8b549c6) Importer(815301076,1909f56bfc062723c751e8b465ee728b)
Start importing Assets/Scenes/levels/Lvl 0 using Guid(903b40b3eac02c54e8180b11f8b549c6) Importer(815301076,1909f56bfc062723c751e8b465ee728b)  -> (artifact id: 'e73c424f368d259b7fb128f57f25ed81') in 0.002703 seconds 
  Import took 0.004905 seconds .

========================================================================
Received Import Request.
  Time since last request: 1.742146 seconds.
  path: Assets/Scenes/levels/Lvl 0.unity
  artifactKey: Guid(1cbadff4683a83647a613ee6930a76cf) Importer(815301076,1909f56bfc062723c751e8b465ee728b)
Start importing Assets/Scenes/levels/Lvl 0.unity using Guid(1cbadff4683a83647a613ee6930a76cf) Importer(815301076,1909f56bfc062723c751e8b465ee728b)  -> (artifact id: 'be65646534d69147936e49e7aa08d9be') in 0.012337 seconds 
  Import took 0.014783 seconds .

========================================================================
Received Import Request.
  Time since last request: 1.738937 seconds.
  path: Assets/Scenes/levels/Lvl 1.unity
  artifactKey: Guid(2219537744ab6014dbb583efa12edd1c) Importer(815301076,1909f56bfc062723c751e8b465ee728b)
Start importing Assets/Scenes/levels/Lvl 1.unity using Guid(2219537744ab6014dbb583efa12edd1c) Importer(815301076,1909f56bfc062723c751e8b465ee728b)  -> (artifact id: '206e6b0d333a845b26db482a79a5f4a6') in 0.002895 seconds 
  Import took 0.005634 seconds .

========================================================================
Received Import Request.
  Time since last request: 2.080600 seconds.
  path: Assets/Scenes/levels/Lvl 1
  artifactKey: Guid(8354ce7358def2b4795efa7a8acef735) Importer(815301076,1909f56bfc062723c751e8b465ee728b)
Start importing Assets/Scenes/levels/Lvl 1 using Guid(8354ce7358def2b4795efa7a8acef735) Importer(815301076,1909f56bfc062723c751e8b465ee728b)  -> (artifact id: '880395ea41d1620faa924c66d8ecdf03') in 0.002233 seconds 
  Import took 0.004567 seconds .

========================================================================
Received Import Request.
  Time since last request: 13.257450 seconds.
  path: Assets/Scenes/levels/Lvl 2.unity
  artifactKey: Guid(65f4181113ab68940a7c22f223273505) Importer(815301076,1909f56bfc062723c751e8b465ee728b)
Start importing Assets/Scenes/levels/Lvl 2.unity using Guid(65f4181113ab68940a7c22f223273505) Importer(815301076,1909f56bfc062723c751e8b465ee728b)  -> (artifact id: '05f5253dc1364fe0a04f7f24600d7660') in 0.002505 seconds 
  Import took 0.004907 seconds .

========================================================================
Received Import Request.
  Time since last request: 11.010961 seconds.
  path: Assets/Scenes/levels/AlwaysScene.unity
  artifactKey: Guid(65f4181113ab68940a7c22f223273505) Importer(815301076,1909f56bfc062723c751e8b465ee728b)
Start importing Assets/Scenes/levels/AlwaysScene.unity using Guid(65f4181113ab68940a7c22f223273505) Importer(815301076,1909f56bfc062723c751e8b465ee728b)  -> (artifact id: 'd564dfbed56eb70362c12f31f327ee61') in 0.002579 seconds 
  Import took 0.004788 seconds .

